<?xml version="1.0" encoding="UTF-8"?>
<!-- Generated by org.testng.reporters.JUnitXMLReporter -->
<testsuite ignored="0" hostname="LAPTOP-KQ9V90K9" failures="0" tests="14" name="Default test" time="13.983" errors="0" timestamp="2025-07-10T00:23:45 IST">
  <testcase classname="api.test.UserPostTests" name="testPostUser" time="3.292"/>
  <testcase classname="api.test.UserPostTests" name="testCreateUserWithDuplicateEmail" time="0.938"/>
  <testcase classname="api.test.UserPostTests" name="testCreateUserWithMissingFields" time="0.881"/>
  <testcase classname="api.test.UserPostTests" name="testCreateUserWithInvalidEmailFormat" time="0.725"/>
  <testcase classname="api.test.UserPostTests" name="testCreateUserWithoutAuthToken" time="0.76"/>
  <testcase classname="api.test.UserPostTests" name="testGetUserByName" time="0.736"/>
  <testcase classname="api.test.UserPostTests" name="testGetUserWithInvalidId" time="0.83"/>
  <testcase classname="api.test.UserPostTests" name="testGetUserWithInvalidIdFormat" time="0.695"/>
  <testcase classname="api.test.UserPostTests" name="testUpdateUserNameAndStatus" time="1.113"/>
  <testcase classname="api.test.UserPostTests" name="testUpdateUserWithInvalidID" time="0.76"/>
  <testcase classname="api.test.UserPostTests" name="testDeleteUserWithValidId" time="0.783"/>
  <testcase classname="api.test.UserPostTests" name="testDeleteAlreadyDeletedUser" time="0.713"/>
  <testcase classname="api.test.UserPostTests" name="testDeleteUserWithInvalidId" time="0.674"/>
  <testcase classname="api.test.UserPostTests" name="testCreateUserWithLongName" time="0.813"/>
</testsuite> <!-- Default test -->
