<?xml version="1.0" encoding="UTF-8"?>
<!-- Generated by org.testng.reporters.JUnitXMLReporter -->
<testsuite ignored="0" hostname="LAPTOP-KQ9V90K9" failures="0" tests="4" name="Default test" time="8.222" errors="0" timestamp="2025-07-09T01:02:17 IST">
  <testcase classname="api.test.UserTests2" name="testPostUser" time="4.142"/>
  <testcase classname="api.test.UserTests2" name="testGetUserByName" time="1.215"/>
  <testcase classname="api.test.UserTests2" name="testUpdateUserByName" time="1.434"/>
  <testcase classname="api.test.UserTests2" name="testDeleteUser" time="1.12"/>
</testsuite> <!-- Default test -->
