<?xml version="1.0" encoding="UTF-8"?>
<!-- Generated by org.testng.reporters.JUnitXMLReporter -->
<testsuite ignored="3" hostname="LAPTOP-KQ9V90K9" failures="0" tests="14" name="Test" time="12.572" errors="0" timestamp="2025-07-10T19:12:45 IST">
  <testcase classname="api.test.UserCreateTests" name="testPostUser" time="1.697"/>
  <testcase classname="api.test.UserCreateTests" name="testCreateUserWithDuplicateEmail" time="0.818"/>
  <testcase classname="api.test.UserCreateTests" name="testCreateUserWithMissingFields" time="0.873"/>
  <testcase classname="api.test.UserCreateTests" name="testCreateUserWithInvalidEmailFormat" time="0.788"/>
  <testcase classname="api.test.UserCreateTests" name="testCreateUserWithoutAuthToken" time="1.21"/>
  <testcase classname="api.test.UserCreateTests" name="testCreateUserWithLongName" time="0.768"/>
  <testcase classname="api.test.UserReadTests" name="testGetUserByName" time="0.807"/>
  <testcase classname="api.test.UserReadTests" name="testGetUserWithInvalidId" time="0.742"/>
  <testcase classname="api.test.UserReadTests" name="testGetUserWithInvalidIdFormat" time="1.071"/>
  <testcase classname="api.test.UserUpdateTests" name="testUpdateUserNameAndStatus" time="0.819"/>
  <testcase classname="api.test.UserUpdateTests" name="testUpdateUserWithInvalidID" time="0.738"/>
  <testcase classname="api.test.UserDeleteTests" name="testDeleteUserWithValidId" time="0.713"/>
  <testcase classname="api.test.UserDeleteTests" name="testDeleteAlreadyDeletedUser" time="0.714"/>
  <testcase classname="api.test.UserDeleteTests" name="testDeleteUserWithInvalidId" time="0.695"/>
  <testcase classname="api.test.baseTest" name="@BeforeSuite globalSetup" time="0.0">
    <ignored/>
  </testcase> <!-- @BeforeSuite globalSetup -->
  <testcase classname="api.test.baseTest" name="@BeforeSuite globalSetup" time="0.0">
    <ignored/>
  </testcase> <!-- @BeforeSuite globalSetup -->
  <testcase classname="api.test.baseTest" name="@BeforeSuite globalSetup" time="0.0">
    <ignored/>
  </testcase> <!-- @BeforeSuite globalSetup -->
</testsuite> <!-- Test -->
