<?xml version="1.0" encoding="UTF-8"?>
<!-- Generated by org.testng.reporters.JUnitXMLReporter -->
<testsuite ignored="0" hostname="LAPTOP-KQ9V90K9" failures="0" tests="4" name="Test" time="9.002" errors="0" timestamp="2025-07-09T00:36:20 IST">
  <testcase classname="api.test.UserTests" name="testPostUser" time="4.304"/>
  <testcase classname="api.test.UserTests" name="testGetUserByName" time="1.484"/>
  <testcase classname="api.test.UserTests" name="testUpdateUserByName" time="1.307"/>
  <testcase classname="api.test.UserTests" name="testDeleteUser" time="1.279"/>
</testsuite> <!-- Test -->
