<?xml version="1.0" encoding="UTF-8"?>
<!-- Generated by org.testng.reporters.JUnitXMLReporter -->
<testsuite ignored="0" hostname="LAPTOP-KQ9V90K9" failures="0" tests="4" name="Test" time="12.962" errors="0" timestamp="2025-07-09T13:22:04 IST">
  <testcase classname="api.test.UserTests" name="testPostUser" time="7.791"/>
  <testcase classname="api.test.UserTests" name="testGetUserByName" time="1.423"/>
  <testcase classname="api.test.UserTests" name="testUpdateUserByName" time="1.757"/>
  <testcase classname="api.test.UserTests" name="testDeleteUser" time="0.793"/>
</testsuite> <!-- Test -->
