<?xml version="1.0" encoding="UTF-8"?>
<testng-results ignored="0" total="4" passed="4" failed="0" skipped="0">
  <reporter-output>
  </reporter-output>
  <suite started-at="2025-07-09T13:21:51 IST" name="Suite" finished-at="2025-07-09T13:22:04 IST" duration-ms="12962">
    <groups>
    </groups>
    <test started-at="2025-07-09T13:21:51 IST" name="Test" finished-at="2025-07-09T13:22:04 IST" duration-ms="12962">
      <class name="api.test.UserTests">
        <test-method is-config="true" signature="setupData()[pri:0, instance:api.test.UserTests@6cc558c6]" started-at="2025-07-09T13:21:51 IST" name="setupData" finished-at="2025-07-09T13:21:52 IST" duration-ms="596" status="PASS">
          <reporter-output>
          </reporter-output>
        </test-method> <!-- setupData -->
        <test-method signature="testPostUser()[pri:1, instance:api.test.UserTests@6cc558c6]" started-at="2025-07-09T13:21:52 IST" name="testPostUser" finished-at="2025-07-09T13:22:00 IST" duration-ms="7791" status="PASS">
          <reporter-output>
          </reporter-output>
        </test-method> <!-- testPostUser -->
        <test-method signature="testGetUserByName()[pri:2, instance:api.test.UserTests@6cc558c6]" started-at="2025-07-09T13:22:00 IST" name="testGetUserByName" finished-at="2025-07-09T13:22:01 IST" duration-ms="1423" status="PASS">
          <reporter-output>
          </reporter-output>
        </test-method> <!-- testGetUserByName -->
        <test-method signature="testUpdateUserByName()[pri:3, instance:api.test.UserTests@6cc558c6]" started-at="2025-07-09T13:22:01 IST" name="testUpdateUserByName" finished-at="2025-07-09T13:22:03 IST" duration-ms="1757" status="PASS">
          <reporter-output>
          </reporter-output>
        </test-method> <!-- testUpdateUserByName -->
        <test-method signature="testDeleteUser()[pri:4, instance:api.test.UserTests@6cc558c6]" started-at="2025-07-09T13:22:03 IST" name="testDeleteUser" finished-at="2025-07-09T13:22:04 IST" duration-ms="793" status="PASS">
          <reporter-output>
          </reporter-output>
        </test-method> <!-- testDeleteUser -->
      </class> <!-- api.test.UserTests -->
    </test> <!-- Test -->
  </suite> <!-- Suite -->
</testng-results>
