<?xml version="1.0" encoding="UTF-8"?>
<testsuite xmlns:xsi="http://www.w3.org/2001/XMLSchema-instance" xsi:noNamespaceSchemaLocation="https://maven.apache.org/surefire/maven-surefire-plugin/xsd/surefire-test-report.xsd" version="3.0.2" name="TestSuite" time="16.579" tests="4" errors="0" skipped="0" failures="0">
  <properties>
[...]
</properties>
  <testcase name="testPostUser" classname="api.test.UserTests" time="7.811">
    <system-out><![CDATA[[2025-07-09 13:21:52] [INFO] UserTests - ********** Creating user   ***********
HTTP/1.1 201 Created
Date: Wed, 09 Jul 2025 07:51:58 GMT
Content-Type: application/json; charset=utf-8
Content-Length: 108
Connection: keep-alive
Cache-Control: max-age=0, private, must-revalidate
Etag: W/"d4117b7efa7ef856ce12b0c60e6d9877"
Feature-Policy: camera 'none'; gyroscope 'none'; microphone 'none'; usb 'none'; fullscreen 'self'
Location: https://gorest.co.in/public/v2/users/7993991
Referrer-Policy: strict-origin-when-cross-origin
Vary: Origin
X-Content-Type-Options: nosniff
X-Download-Options: noopen
X-Frame-Options: SAMEORIGIN
X-Permitted-Cross-Domain-Policies: none
X-Ratelimit-Limit: 90
X-Ratelimit-Remaining: 89
X-Ratelimit-Reset: 1
X-Request-Id: 17a413c2-58f1-4226-a2cc-a67efedd81a2
X-Runtime: 0.064560
X-Xss-Protection: 0
Cf-Cache-Status: DYNAMIC
Nel: {"report_to":"cf-nel","success_fraction":0.0,"max_age":604800}
Report-To: {"group":"cf-nel","max_age":604800,"endpoints":[{"url":"https://a.nel.cloudflare.com/report/v4?s=JOf6%2Bihbi%2FqvD2TPNrd1qvHeham2WnLcCGbGAs%2FuyxyKIwI98Jre%2FNMEfkpObipRQWxrXp02F1oOLCFG6CyB8DjdEJ6Yj3kxdfQ%3D"}]}
Server: cloudflare
CF-RAY: 95c63d39aaa718a0-MRS
alt-svc: h3=":443"; ma=86400

{
    "id": 7993991,
    "name": "Graig Howell IV",
    "email": "evan.johnson@example.com",
    "gender": "male",
    "status": "active"
}
[2025-07-09 13:21:58] [INFO] UserTests - ********** user is created  ***********
Created User ID: 7993991
]]></system-out>
  </testcase>
  <testcase name="testGetUserByName" classname="api.test.UserTests" time="1.41">
    <system-out><![CDATA[[2025-07-09 13:22:00] [INFO] UserTests - ******* Reading user info *********
HTTP/1.1 200 OK
Date: Wed, 09 Jul 2025 07:52:01 GMT
Content-Type: application/json; charset=utf-8
Transfer-Encoding: chunked
Connection: keep-alive
Cache-Control: max-age=0, private, must-revalidate
Etag: W/"d4117b7efa7ef856ce12b0c60e6d9877"
Feature-Policy: camera 'none'; gyroscope 'none'; microphone 'none'; usb 'none'; fullscreen 'self'
Referrer-Policy: strict-origin-when-cross-origin
Vary: Origin
X-Content-Type-Options: nosniff
X-Download-Options: noopen
X-Frame-Options: SAMEORIGIN
X-Permitted-Cross-Domain-Policies: none
X-Ratelimit-Limit: 90
X-Ratelimit-Remaining: 89
X-Ratelimit-Reset: 1
X-Request-Id: e26a4347-5bb9-4237-b2a7-507c7bff765f
X-Runtime: 0.193758
X-Xss-Protection: 0
Cf-Cache-Status: DYNAMIC
Nel: {"report_to":"cf-nel","success_fraction":0.0,"max_age":604800}
Report-To: {"group":"cf-nel","max_age":604800,"endpoints":[{"url":"https://a.nel.cloudflare.com/report/v4?s=Rc9hXpJZpbqI53I0y9ffM6SjHIeftqGTBrqDf8KGl72Iv7UUPjzZlnNSV7XJa5vVaC48wlIdRu6eaTO5FdTMryWgtomIzfl15ZQ%3D"}]}
Content-Encoding: gzip
Server: cloudflare
CF-RAY: 95c63d4b0c028e3d-MRS
alt-svc: h3=":443"; ma=86400

{
    "id": 7993991,
    "name": "Graig Howell IV",
    "email": "evan.johnson@example.com",
    "gender": "male",
    "status": "active"
}
[2025-07-09 13:22:01] [INFO] UserTests - ******* User info is displayed *********
]]></system-out>
  </testcase>
  <testcase name="testUpdateUserByName" classname="api.test.UserTests" time="1.757">
    <system-out><![CDATA[[2025-07-09 13:22:01] [INFO] UserTests - ******* Update user info *********
[2025-07-09 13:22:01] [INFO] UserTests - ******* user info updated *********
HTTP/1.1 200 OK
Date: Wed, 09 Jul 2025 07:52:02 GMT
Content-Type: application/json; charset=utf-8
Transfer-Encoding: chunked
Connection: keep-alive
Cache-Control: max-age=0, private, must-revalidate
Etag: W/"c5f16b068e9bf110eeba32d1912d0dc7"
Feature-Policy: camera 'none'; gyroscope 'none'; microphone 'none'; usb 'none'; fullscreen 'self'
Referrer-Policy: strict-origin-when-cross-origin
Vary: Origin
X-Content-Type-Options: nosniff
X-Download-Options: noopen
X-Frame-Options: SAMEORIGIN
X-Permitted-Cross-Domain-Policies: none
X-Ratelimit-Limit: 90
X-Ratelimit-Remaining: 89
X-Ratelimit-Reset: 1
X-Request-Id: 1fcc895d-7734-4a48-9555-ebb4796d3fe0
X-Runtime: 0.120300
X-Xss-Protection: 0
Cf-Cache-Status: DYNAMIC
Nel: {"report_to":"cf-nel","success_fraction":0.0,"max_age":604800}
Report-To: {"group":"cf-nel","max_age":604800,"endpoints":[{"url":"https://a.nel.cloudflare.com/report/v4?s=AWumbaXxTN1okRciNDaORVZJr6xsukORMZ3pe%2FgevEDwn1SUAfibygCVUJi68aL9i%2FQDuRiO7iGvhfYawW8E7awA07V%2F6fM1SBM%3D"}]}
Content-Encoding: gzip
Server: cloudflare
CF-RAY: 95c63d531c64552e-MRS
alt-svc: h3=":443"; ma=86400

{
    "email": "randee.torp@example.com",
    "name": "Dudley Jakubowski",
    "gender": "female",
    "status": "inactive",
    "id": 7993991
}
]]></system-out>
  </testcase>
  <testcase name="testDeleteUser" classname="api.test.UserTests" time="0.794">
    <system-out><![CDATA[[2025-07-09 13:22:03] [INFO] UserTests - ********User deleting**********
[2025-07-09 13:22:04] [INFO] UserTests - ********User is deleted**********
]]></system-out>
  </testcase>
</testsuite>