<?xml version="1.0" encoding="UTF-8"?>
<testng-results ignored="0" total="4" passed="4" failed="0" skipped="0">
  <reporter-output>
  </reporter-output>
  <suite started-at="2025-07-09T01:02:09 IST" name="Default suite" finished-at="2025-07-09T01:02:17 IST" duration-ms="8222">
    <groups>
    </groups>
    <test started-at="2025-07-09T01:02:09 IST" name="Default test" finished-at="2025-07-09T01:02:17 IST" duration-ms="8222">
      <class name="api.test.UserTests2">
        <test-method is-config="true" signature="setupData()[pri:0, instance:api.test.UserTests2@49d3c823]" started-at="2025-07-09T01:02:09 IST" name="setupData" finished-at="2025-07-09T01:02:09 IST" duration-ms="253" status="PASS">
          <reporter-output>
          </reporter-output>
        </test-method> <!-- setupData -->
        <test-method signature="testPostUser()[pri:1, instance:api.test.UserTests2@49d3c823]" started-at="2025-07-09T01:02:09 IST" name="testPostUser" finished-at="2025-07-09T01:02:13 IST" duration-ms="4142" status="PASS">
          <reporter-output>
          </reporter-output>
        </test-method> <!-- testPostUser -->
        <test-method signature="testGetUserByName()[pri:2, instance:api.test.UserTests2@49d3c823]" started-at="2025-07-09T01:02:13 IST" name="testGetUserByName" finished-at="2025-07-09T01:02:14 IST" duration-ms="1215" status="PASS">
          <reporter-output>
          </reporter-output>
        </test-method> <!-- testGetUserByName -->
        <test-method signature="testUpdateUserByName()[pri:3, instance:api.test.UserTests2@49d3c823]" started-at="2025-07-09T01:02:14 IST" name="testUpdateUserByName" finished-at="2025-07-09T01:02:16 IST" duration-ms="1434" status="PASS">
          <reporter-output>
          </reporter-output>
        </test-method> <!-- testUpdateUserByName -->
        <test-method signature="testDeleteUser()[pri:4, instance:api.test.UserTests2@49d3c823]" started-at="2025-07-09T01:02:16 IST" name="testDeleteUser" finished-at="2025-07-09T01:02:17 IST" duration-ms="1120" status="PASS">
          <reporter-output>
          </reporter-output>
        </test-method> <!-- testDeleteUser -->
      </class> <!-- api.test.UserTests2 -->
    </test> <!-- Default test -->
  </suite> <!-- Default suite -->
</testng-results>
